-------------------------------------------------------------------------------
Test set: com.challenge.saucedemo.test.TestLoginToForceError
-------------------------------------------------------------------------------
Tests run: 1, Failures: 1, Errors: 0, Skipped: 0, Time elapsed: 8.183 s <<< FAILURE! - in com.challenge.saucedemo.test.TestLoginToForceError
com.challenge.saucedemo.test.TestLoginToForceError.testLoginLocked  Time elapsed: 8.154 s  <<< FAILURE!
org.junit.ComparisonFailure: expected:<...y user in this servi[]> but was:<...y user in this servi[ce]>
	at com.challenge.saucedemo.test.TestLoginToForceError.testLoginLocked(TestLoginToForceError.java:43)

